[2025-10-05T20:16:00.628+0000] {local_task_job_runner.py:120} INFO - ::group::Pre task execution logs
[2025-10-05T20:16:00.634+0000] {taskinstance.py:2076} INFO - Dependencies all met for dep_context=non-requeueable deps ti=<TaskInstance: Airflow_Lab1.build_save_model_task manual__2025-10-05T20:15:56.077158+00:00 [queued]>
[2025-10-05T20:16:00.636+0000] {taskinstance.py:2076} INFO - Dependencies all met for dep_context=requeueable deps ti=<TaskInstance: Airflow_Lab1.build_save_model_task manual__2025-10-05T20:15:56.077158+00:00 [queued]>
[2025-10-05T20:16:00.636+0000] {taskinstance.py:2306} INFO - Starting attempt 1 of 1
[2025-10-05T20:16:00.640+0000] {taskinstance.py:2330} INFO - Executing <Task(PythonOperator): build_save_model_task> on 2025-10-05 20:15:56.077158+00:00
[2025-10-05T20:16:00.642+0000] {warnings.py:112} WARNING - /home/***/.local/lib/python3.12/site-packages/***/task/task_runner/standard_task_runner.py:61: DeprecationWarning: This process (pid=132) is multi-threaded, use of fork() may lead to deadlocks in the child.
  pid = os.fork()

[2025-10-05T20:16:00.642+0000] {standard_task_runner.py:63} INFO - Started process 143 to run task
[2025-10-05T20:16:00.643+0000] {standard_task_runner.py:90} INFO - Running: ['***', 'tasks', 'run', 'Airflow_Lab1', 'build_save_model_task', 'manual__2025-10-05T20:15:56.077158+00:00', '--job-id', '17', '--raw', '--subdir', 'DAGS_FOLDER/***.py', '--cfg-path', '/tmp/tmpzvexppn1']
[2025-10-05T20:16:00.644+0000] {standard_task_runner.py:91} INFO - Job 17: Subtask build_save_model_task
[2025-10-05T20:16:00.657+0000] {task_command.py:426} INFO - Running <TaskInstance: Airflow_Lab1.build_save_model_task manual__2025-10-05T20:15:56.077158+00:00 [running]> on host b1c40b25947b
[2025-10-05T20:16:00.686+0000] {taskinstance.py:2648} INFO - Exporting env vars: AIRFLOW_CTX_DAG_OWNER='your_name' AIRFLOW_CTX_DAG_ID='Airflow_Lab1' AIRFLOW_CTX_TASK_ID='build_save_model_task' AIRFLOW_CTX_EXECUTION_DATE='2025-10-05T20:15:56.077158+00:00' AIRFLOW_CTX_TRY_NUMBER='1' AIRFLOW_CTX_DAG_RUN_ID='manual__2025-10-05T20:15:56.077158+00:00'
[2025-10-05T20:16:00.686+0000] {taskinstance.py:430} INFO - ::endgroup::
[2025-10-05T20:16:02.554+0000] {logging_mixin.py:188} INFO - build_save_model: saved model to /opt/***/dags/model/model.sav last_k= 10
[2025-10-05T20:16:02.554+0000] {python.py:237} INFO - Done. Returned value was: [250.3280420929143, 128.89457877623195, 91.64796947554562, 72.4693273197909, 59.86327285249885, 52.0620423750911, 46.59718667780253, 41.503691835394186, 36.95114238763413, 33.98847132890032]
[2025-10-05T20:16:02.555+0000] {taskinstance.py:441} INFO - ::group::Post task execution logs
[2025-10-05T20:16:02.563+0000] {taskinstance.py:1206} INFO - Marking task as SUCCESS. dag_id=Airflow_Lab1, task_id=build_save_model_task, run_id=manual__2025-10-05T20:15:56.077158+00:00, execution_date=20251005T201556, start_date=20251005T201600, end_date=20251005T201602
[2025-10-05T20:16:02.590+0000] {local_task_job_runner.py:240} INFO - Task exited with return code 0
[2025-10-05T20:16:02.615+0000] {taskinstance.py:3503} INFO - 1 downstream tasks scheduled from follow-on schedule check
[2025-10-05T20:16:02.630+0000] {local_task_job_runner.py:222} INFO - ::endgroup::
