[2025-10-05T19:11:02.249+0000] {manager.py:470} INFO - Processing files using up to 2 processes at a time 
[2025-10-05T19:11:02.251+0000] {manager.py:471} INFO - Process each file at most once every 30 seconds
[2025-10-05T19:11:02.251+0000] {manager.py:472} INFO - Checking for new files in /opt/airflow/dags every 300 seconds
[2025-10-05T19:11:02.252+0000] {manager.py:737} INFO - Searching for files in /opt/airflow/dags
[2025-10-05T19:11:02.263+0000] {manager.py:740} INFO - There are 1 files in /opt/airflow/dags
[2025-10-05T19:11:02.314+0000] {manager.py:878} INFO - 
================================================================================
DAG File Processing Stats

File Path                       PID  Runtime      # DAGs    # Errors  Last Runtime    Last Run
----------------------------  -----  ---------  --------  ----------  --------------  ----------
/opt/airflow/dags/airflow.py     71  0.03s             0           0
================================================================================
[2025-10-05T19:11:32.558+0000] {manager.py:878} INFO - 
================================================================================
DAG File Processing Stats

File Path                       PID  Runtime      # DAGs    # Errors  Last Runtime    Last Run
----------------------------  -----  ---------  --------  ----------  --------------  -------------------
/opt/airflow/dags/airflow.py     78  0.02s             0           1  0.05s           2025-10-05T19:11:02
================================================================================
[2025-10-05T19:12:02.831+0000] {manager.py:878} INFO - 
================================================================================
DAG File Processing Stats

File Path                       PID  Runtime      # DAGs    # Errors  Last Runtime    Last Run
----------------------------  -----  ---------  --------  ----------  --------------  -------------------
/opt/airflow/dags/airflow.py     85  0.02s             0           1  0.08s           2025-10-05T19:11:32
================================================================================
[2025-10-05T19:12:33.120+0000] {manager.py:878} INFO - 
================================================================================
DAG File Processing Stats

File Path                       PID  Runtime      # DAGs    # Errors  Last Runtime    Last Run
----------------------------  -----  ---------  --------  ----------  --------------  -------------------
/opt/airflow/dags/airflow.py     92  0.01s             0           1  0.05s           2025-10-05T19:12:02
================================================================================
[2025-10-05T19:13:03.355+0000] {manager.py:878} INFO - 
================================================================================
DAG File Processing Stats

File Path                       PID  Runtime      # DAGs    # Errors  Last Runtime    Last Run
----------------------------  -----  ---------  --------  ----------  --------------  -------------------
/opt/airflow/dags/airflow.py     99  0.01s             0           1  0.06s           2025-10-05T19:12:33
================================================================================
[2025-10-05T19:13:33.620+0000] {manager.py:878} INFO - 
================================================================================
DAG File Processing Stats

File Path                       PID  Runtime      # DAGs    # Errors  Last Runtime    Last Run
----------------------------  -----  ---------  --------  ----------  --------------  -------------------
/opt/airflow/dags/airflow.py    106  0.01s             0           1  0.05s           2025-10-05T19:13:03
================================================================================
[2025-10-05T19:14:03.875+0000] {manager.py:878} INFO - 
================================================================================
DAG File Processing Stats

File Path                       PID  Runtime      # DAGs    # Errors  Last Runtime    Last Run
----------------------------  -----  ---------  --------  ----------  --------------  -------------------
/opt/airflow/dags/airflow.py    113  0.01s             0           1  0.04s           2025-10-05T19:13:33
================================================================================
[2025-10-05T19:14:34.137+0000] {manager.py:878} INFO - 
================================================================================
DAG File Processing Stats

File Path                       PID  Runtime      # DAGs    # Errors  Last Runtime    Last Run
----------------------------  -----  ---------  --------  ----------  --------------  -------------------
/opt/airflow/dags/airflow.py    120  0.01s             0           1  0.04s           2025-10-05T19:14:03
================================================================================
[2025-10-05T19:15:04.379+0000] {manager.py:878} INFO - 
================================================================================
DAG File Processing Stats

File Path                       PID  Runtime      # DAGs    # Errors  Last Runtime    Last Run
----------------------------  -----  ---------  --------  ----------  --------------  -------------------
/opt/airflow/dags/airflow.py    127  0.01s             0           1  0.04s           2025-10-05T19:14:34
================================================================================
[2025-10-05T19:15:34.627+0000] {manager.py:878} INFO - 
================================================================================
DAG File Processing Stats

File Path                       PID  Runtime      # DAGs    # Errors  Last Runtime    Last Run
----------------------------  -----  ---------  --------  ----------  --------------  -------------------
/opt/airflow/dags/airflow.py    134  0.01s             0           1  0.06s           2025-10-05T19:15:04
================================================================================
[2025-10-05T19:16:02.860+0000] {manager.py:737} INFO - Searching for files in /opt/airflow/dags
[2025-10-05T19:16:02.872+0000] {manager.py:740} INFO - There are 1 files in /opt/airflow/dags
[2025-10-05T19:16:04.920+0000] {manager.py:878} INFO - 
================================================================================
DAG File Processing Stats

File Path                       PID  Runtime      # DAGs    # Errors  Last Runtime    Last Run
----------------------------  -----  ---------  --------  ----------  --------------  -------------------
/opt/airflow/dags/airflow.py    141  0.01s             0           1  0.04s           2025-10-05T19:15:34
================================================================================
[2025-10-05T19:16:35.186+0000] {manager.py:878} INFO - 
================================================================================
DAG File Processing Stats

File Path                       PID  Runtime      # DAGs    # Errors  Last Runtime    Last Run
----------------------------  -----  ---------  --------  ----------  --------------  -------------------
/opt/airflow/dags/airflow.py    148  0.01s             0           1  0.06s           2025-10-05T19:16:04
================================================================================
[2025-10-05T19:17:05.428+0000] {manager.py:878} INFO - 
================================================================================
DAG File Processing Stats

File Path                       PID  Runtime      # DAGs    # Errors  Last Runtime    Last Run
----------------------------  -----  ---------  --------  ----------  --------------  -------------------
/opt/airflow/dags/airflow.py    155  0.01s             0           1  0.04s           2025-10-05T19:16:35
================================================================================
[2025-10-05T19:17:35.678+0000] {manager.py:878} INFO - 
================================================================================
DAG File Processing Stats

File Path                       PID  Runtime      # DAGs    # Errors  Last Runtime    Last Run
----------------------------  -----  ---------  --------  ----------  --------------  -------------------
/opt/airflow/dags/airflow.py    162  0.01s             0           1  0.04s           2025-10-05T19:17:05
================================================================================
[2025-10-05T19:17:50.075+0000] {manager.py:452} INFO - Exiting gracefully upon receiving signal 15
[2025-10-05T19:18:41.238+0000] {manager.py:470} INFO - Processing files using up to 2 processes at a time 
[2025-10-05T19:18:41.239+0000] {manager.py:471} INFO - Process each file at most once every 30 seconds
[2025-10-05T19:18:41.241+0000] {manager.py:472} INFO - Checking for new files in /opt/airflow/dags every 300 seconds
[2025-10-05T19:18:41.241+0000] {manager.py:737} INFO - Searching for files in /opt/airflow/dags
[2025-10-05T19:18:41.247+0000] {manager.py:740} INFO - There are 1 files in /opt/airflow/dags
[2025-10-05T19:18:41.331+0000] {manager.py:878} INFO - 
================================================================================
DAG File Processing Stats

File Path                       PID  Runtime      # DAGs    # Errors  Last Runtime    Last Run
----------------------------  -----  ---------  --------  ----------  --------------  ----------
/opt/airflow/dags/airflow.py     72  0.04s             0           0
================================================================================
[2025-10-05T19:19:11.510+0000] {manager.py:878} INFO - 
================================================================================
DAG File Processing Stats

File Path                     PID    Runtime      # DAGs    # Errors  Last Runtime    Last Run
----------------------------  -----  ---------  --------  ----------  --------------  -------------------
/opt/airflow/dags/airflow.py                           1           0  1.46s           2025-10-05T19:18:42
================================================================================
[2025-10-05T19:19:41.705+0000] {manager.py:878} INFO - 
================================================================================
DAG File Processing Stats

File Path                     PID    Runtime      # DAGs    # Errors  Last Runtime    Last Run
----------------------------  -----  ---------  --------  ----------  --------------  -------------------
/opt/airflow/dags/airflow.py                           1           0  0.59s           2025-10-05T19:19:13
================================================================================
[2025-10-05T19:20:11.896+0000] {manager.py:878} INFO - 
================================================================================
DAG File Processing Stats

File Path                     PID    Runtime      # DAGs    # Errors  Last Runtime    Last Run
----------------------------  -----  ---------  --------  ----------  --------------  -------------------
/opt/airflow/dags/airflow.py                           1           0  0.59s           2025-10-05T19:19:44
================================================================================
[2025-10-05T19:20:42.126+0000] {manager.py:878} INFO - 
================================================================================
DAG File Processing Stats

File Path                     PID    Runtime      # DAGs    # Errors  Last Runtime    Last Run
----------------------------  -----  ---------  --------  ----------  --------------  -------------------
/opt/airflow/dags/airflow.py                           1           0  0.78s           2025-10-05T19:20:15
================================================================================
[2025-10-05T19:21:12.232+0000] {manager.py:878} INFO - 
================================================================================
DAG File Processing Stats

File Path                     PID    Runtime      # DAGs    # Errors  Last Runtime    Last Run
----------------------------  -----  ---------  --------  ----------  --------------  -------------------
/opt/airflow/dags/airflow.py                           1           0  0.63s           2025-10-05T19:20:46
================================================================================
[2025-10-05T19:21:42.255+0000] {manager.py:878} INFO - 
================================================================================
DAG File Processing Stats

File Path                     PID    Runtime      # DAGs    # Errors  Last Runtime    Last Run
----------------------------  -----  ---------  --------  ----------  --------------  -------------------
/opt/airflow/dags/airflow.py                           1           0  0.80s           2025-10-05T19:21:17
================================================================================
[2025-10-05T19:22:12.618+0000] {manager.py:878} INFO - 
================================================================================
DAG File Processing Stats

File Path                     PID    Runtime      # DAGs    # Errors  Last Runtime    Last Run
----------------------------  -----  ---------  --------  ----------  --------------  -------------------
/opt/airflow/dags/airflow.py                           1           0  0.65s           2025-10-05T19:21:47
================================================================================
[2025-10-05T19:22:42.879+0000] {manager.py:878} INFO - 
================================================================================
DAG File Processing Stats

File Path                     PID    Runtime      # DAGs    # Errors  Last Runtime    Last Run
----------------------------  -----  ---------  --------  ----------  --------------  -------------------
/opt/airflow/dags/airflow.py                           1           0  0.54s           2025-10-05T19:22:18
================================================================================
[2025-10-05T19:23:13.159+0000] {manager.py:878} INFO - 
================================================================================
DAG File Processing Stats

File Path                     PID    Runtime      # DAGs    # Errors  Last Runtime    Last Run
----------------------------  -----  ---------  --------  ----------  --------------  -------------------
/opt/airflow/dags/airflow.py                           1           0  0.60s           2025-10-05T19:22:49
================================================================================
[2025-10-05T19:23:41.387+0000] {manager.py:737} INFO - Searching for files in /opt/airflow/dags
[2025-10-05T19:23:41.406+0000] {manager.py:740} INFO - There are 1 files in /opt/airflow/dags
[2025-10-05T19:23:43.433+0000] {manager.py:878} INFO - 
================================================================================
DAG File Processing Stats

File Path                     PID    Runtime      # DAGs    # Errors  Last Runtime    Last Run
----------------------------  -----  ---------  --------  ----------  --------------  -------------------
/opt/airflow/dags/airflow.py                           1           0  0.63s           2025-10-05T19:23:20
================================================================================
[2025-10-05T19:24:13.811+0000] {manager.py:878} INFO - 
================================================================================
DAG File Processing Stats

File Path                     PID    Runtime      # DAGs    # Errors  Last Runtime    Last Run
----------------------------  -----  ---------  --------  ----------  --------------  -------------------
/opt/airflow/dags/airflow.py                           1           0  0.62s           2025-10-05T19:23:51
================================================================================
[2025-10-05T19:24:43.970+0000] {manager.py:878} INFO - 
================================================================================
DAG File Processing Stats

File Path                     PID    Runtime      # DAGs    # Errors  Last Runtime    Last Run
----------------------------  -----  ---------  --------  ----------  --------------  -------------------
/opt/airflow/dags/airflow.py                           1           0  0.47s           2025-10-05T19:24:21
================================================================================
[2025-10-05T19:25:14.738+0000] {manager.py:878} INFO - 
================================================================================
DAG File Processing Stats

File Path                     PID    Runtime      # DAGs    # Errors  Last Runtime    Last Run
----------------------------  -----  ---------  --------  ----------  --------------  -------------------
/opt/airflow/dags/airflow.py                           1           0  0.64s           2025-10-05T19:24:52
================================================================================
[2025-10-05T19:25:45.020+0000] {manager.py:878} INFO - 
================================================================================
DAG File Processing Stats

File Path                     PID    Runtime      # DAGs    # Errors  Last Runtime    Last Run
----------------------------  -----  ---------  --------  ----------  --------------  -------------------
/opt/airflow/dags/airflow.py                           1           0  0.58s           2025-10-05T19:25:23
================================================================================
[2025-10-05T19:26:15.261+0000] {manager.py:878} INFO - 
================================================================================
DAG File Processing Stats

File Path                     PID    Runtime      # DAGs    # Errors  Last Runtime    Last Run
----------------------------  -----  ---------  --------  ----------  --------------  -------------------
/opt/airflow/dags/airflow.py                           1           0  0.49s           2025-10-05T19:25:54
================================================================================
[2025-10-05T19:26:45.503+0000] {manager.py:878} INFO - 
================================================================================
DAG File Processing Stats

File Path                     PID    Runtime      # DAGs    # Errors  Last Runtime    Last Run
----------------------------  -----  ---------  --------  ----------  --------------  -------------------
/opt/airflow/dags/airflow.py                           1           0  0.50s           2025-10-05T19:26:24
================================================================================
[2025-10-05T19:27:15.729+0000] {manager.py:878} INFO - 
================================================================================
DAG File Processing Stats

File Path                     PID    Runtime      # DAGs    # Errors  Last Runtime    Last Run
----------------------------  -----  ---------  --------  ----------  --------------  -------------------
/opt/airflow/dags/airflow.py                           1           0  0.59s           2025-10-05T19:26:55
================================================================================
[2025-10-05T19:27:46.057+0000] {manager.py:878} INFO - 
================================================================================
DAG File Processing Stats

File Path                     PID    Runtime      # DAGs    # Errors  Last Runtime    Last Run
----------------------------  -----  ---------  --------  ----------  --------------  -------------------
/opt/airflow/dags/airflow.py                           1           0  0.60s           2025-10-05T19:27:26
================================================================================
[2025-10-05T19:28:16.211+0000] {manager.py:878} INFO - 
================================================================================
DAG File Processing Stats

File Path                     PID    Runtime      # DAGs    # Errors  Last Runtime    Last Run
----------------------------  -----  ---------  --------  ----------  --------------  -------------------
/opt/airflow/dags/airflow.py                           1           0  0.46s           2025-10-05T19:27:57
================================================================================
[2025-10-05T19:28:41.923+0000] {manager.py:737} INFO - Searching for files in /opt/airflow/dags
[2025-10-05T19:28:41.931+0000] {manager.py:740} INFO - There are 1 files in /opt/airflow/dags
[2025-10-05T19:28:46.966+0000] {manager.py:878} INFO - 
================================================================================
DAG File Processing Stats

File Path                     PID    Runtime      # DAGs    # Errors  Last Runtime    Last Run
----------------------------  -----  ---------  --------  ----------  --------------  -------------------
/opt/airflow/dags/airflow.py                           1           0  0.61s           2025-10-05T19:28:27
================================================================================
[2025-10-05T19:29:17.310+0000] {manager.py:878} INFO - 
================================================================================
DAG File Processing Stats

File Path                     PID    Runtime      # DAGs    # Errors  Last Runtime    Last Run
----------------------------  -----  ---------  --------  ----------  --------------  -------------------
/opt/airflow/dags/airflow.py                           1           0  0.50s           2025-10-05T19:28:58
================================================================================
[2025-10-05T19:29:47.370+0000] {manager.py:878} INFO - 
================================================================================
DAG File Processing Stats

File Path                     PID    Runtime      # DAGs    # Errors  Last Runtime    Last Run
----------------------------  -----  ---------  --------  ----------  --------------  -------------------
/opt/airflow/dags/airflow.py                           1           0  0.44s           2025-10-05T19:29:29
================================================================================
[2025-10-05T19:30:17.639+0000] {manager.py:878} INFO - 
================================================================================
DAG File Processing Stats

File Path                     PID    Runtime      # DAGs    # Errors  Last Runtime    Last Run
----------------------------  -----  ---------  --------  ----------  --------------  -------------------
/opt/airflow/dags/airflow.py                           1           0  0.47s           2025-10-05T19:29:59
================================================================================
[2025-10-05T19:30:47.783+0000] {manager.py:878} INFO - 
================================================================================
DAG File Processing Stats

File Path                     PID    Runtime      # DAGs    # Errors  Last Runtime    Last Run
----------------------------  -----  ---------  --------  ----------  --------------  -------------------
/opt/airflow/dags/airflow.py                           1           0  0.49s           2025-10-05T19:30:30
================================================================================
[2025-10-05T19:31:18.030+0000] {manager.py:878} INFO - 
================================================================================
DAG File Processing Stats

File Path                     PID    Runtime      # DAGs    # Errors  Last Runtime    Last Run
----------------------------  -----  ---------  --------  ----------  --------------  -------------------
/opt/airflow/dags/airflow.py                           1           0  0.45s           2025-10-05T19:31:01
================================================================================
[2025-10-05T19:31:48.181+0000] {manager.py:878} INFO - 
================================================================================
DAG File Processing Stats

File Path                     PID    Runtime      # DAGs    # Errors  Last Runtime    Last Run
----------------------------  -----  ---------  --------  ----------  --------------  -------------------
/opt/airflow/dags/airflow.py                           1           0  0.50s           2025-10-05T19:31:32
================================================================================
[2025-10-05T19:32:18.443+0000] {manager.py:878} INFO - 
================================================================================
DAG File Processing Stats

File Path                     PID    Runtime      # DAGs    # Errors  Last Runtime    Last Run
----------------------------  -----  ---------  --------  ----------  --------------  -------------------
/opt/airflow/dags/airflow.py                           1           0  0.46s           2025-10-05T19:32:02
================================================================================
[2025-10-05T19:32:48.521+0000] {manager.py:878} INFO - 
================================================================================
DAG File Processing Stats

File Path                     PID    Runtime      # DAGs    # Errors  Last Runtime    Last Run
----------------------------  -----  ---------  --------  ----------  --------------  -------------------
/opt/airflow/dags/airflow.py                           1           0  0.43s           2025-10-05T19:32:33
================================================================================
[2025-10-05T19:33:18.746+0000] {manager.py:878} INFO - 
================================================================================
DAG File Processing Stats

File Path                     PID    Runtime      # DAGs    # Errors  Last Runtime    Last Run
----------------------------  -----  ---------  --------  ----------  --------------  -------------------
/opt/airflow/dags/airflow.py                           1           0  0.41s           2025-10-05T19:33:04
================================================================================
[2025-10-05T19:33:42.338+0000] {manager.py:737} INFO - Searching for files in /opt/airflow/dags
[2025-10-05T19:33:42.348+0000] {manager.py:740} INFO - There are 1 files in /opt/airflow/dags
[2025-10-05T19:33:48.804+0000] {manager.py:878} INFO - 
================================================================================
DAG File Processing Stats

File Path                     PID    Runtime      # DAGs    # Errors  Last Runtime    Last Run
----------------------------  -----  ---------  --------  ----------  --------------  -------------------
/opt/airflow/dags/airflow.py                           1           0  0.44s           2025-10-05T19:33:34
================================================================================
[2025-10-05T19:34:19.061+0000] {manager.py:878} INFO - 
================================================================================
DAG File Processing Stats

File Path                     PID    Runtime      # DAGs    # Errors  Last Runtime    Last Run
----------------------------  -----  ---------  --------  ----------  --------------  -------------------
/opt/airflow/dags/airflow.py                           1           0  0.45s           2025-10-05T19:34:05
================================================================================
[2025-10-05T19:34:49.215+0000] {manager.py:878} INFO - 
================================================================================
DAG File Processing Stats

File Path                     PID    Runtime      # DAGs    # Errors  Last Runtime    Last Run
----------------------------  -----  ---------  --------  ----------  --------------  -------------------
/opt/airflow/dags/airflow.py                           1           0  0.44s           2025-10-05T19:34:36
================================================================================
[2025-10-05T19:35:19.484+0000] {manager.py:878} INFO - 
================================================================================
DAG File Processing Stats

File Path                     PID    Runtime      # DAGs    # Errors  Last Runtime    Last Run
----------------------------  -----  ---------  --------  ----------  --------------  -------------------
/opt/airflow/dags/airflow.py                           1           0  0.48s           2025-10-05T19:35:06
================================================================================
[2025-10-05T19:35:49.660+0000] {manager.py:878} INFO - 
================================================================================
DAG File Processing Stats

File Path                     PID    Runtime      # DAGs    # Errors  Last Runtime    Last Run
----------------------------  -----  ---------  --------  ----------  --------------  -------------------
/opt/airflow/dags/airflow.py                           1           0  0.42s           2025-10-05T19:35:37
================================================================================
[2025-10-05T19:36:19.893+0000] {manager.py:878} INFO - 
================================================================================
DAG File Processing Stats

File Path                     PID    Runtime      # DAGs    # Errors  Last Runtime    Last Run
----------------------------  -----  ---------  --------  ----------  --------------  -------------------
/opt/airflow/dags/airflow.py                           1           0  0.44s           2025-10-05T19:36:08
================================================================================
[2025-10-05T19:36:50.130+0000] {manager.py:878} INFO - 
================================================================================
DAG File Processing Stats

File Path                     PID    Runtime      # DAGs    # Errors  Last Runtime    Last Run
----------------------------  -----  ---------  --------  ----------  --------------  -------------------
/opt/airflow/dags/airflow.py                           1           0  0.48s           2025-10-05T19:36:39
================================================================================
[2025-10-05T19:37:20.379+0000] {manager.py:878} INFO - 
================================================================================
DAG File Processing Stats

File Path                     PID    Runtime      # DAGs    # Errors  Last Runtime    Last Run
----------------------------  -----  ---------  --------  ----------  --------------  -------------------
/opt/airflow/dags/airflow.py                           1           0  0.49s           2025-10-05T19:37:09
================================================================================
[2025-10-05T19:37:50.598+0000] {manager.py:878} INFO - 
================================================================================
DAG File Processing Stats

File Path                     PID    Runtime      # DAGs    # Errors  Last Runtime    Last Run
----------------------------  -----  ---------  --------  ----------  --------------  -------------------
/opt/airflow/dags/airflow.py                           1           0  0.46s           2025-10-05T19:37:40
================================================================================
[2025-10-05T19:38:20.842+0000] {manager.py:878} INFO - 
================================================================================
DAG File Processing Stats

File Path                     PID    Runtime      # DAGs    # Errors  Last Runtime    Last Run
----------------------------  -----  ---------  --------  ----------  --------------  -------------------
/opt/airflow/dags/airflow.py                           1           0  0.52s           2025-10-05T19:38:11
================================================================================
[2025-10-05T19:38:42.985+0000] {manager.py:737} INFO - Searching for files in /opt/airflow/dags
[2025-10-05T19:38:42.992+0000] {manager.py:740} INFO - There are 1 files in /opt/airflow/dags
[2025-10-05T19:38:51.061+0000] {manager.py:878} INFO - 
================================================================================
DAG File Processing Stats

File Path                     PID    Runtime      # DAGs    # Errors  Last Runtime    Last Run
----------------------------  -----  ---------  --------  ----------  --------------  -------------------
/opt/airflow/dags/airflow.py                           1           0  0.54s           2025-10-05T19:38:42
================================================================================
[2025-10-05T19:39:21.380+0000] {manager.py:878} INFO - 
================================================================================
DAG File Processing Stats

File Path                     PID    Runtime      # DAGs    # Errors  Last Runtime    Last Run
----------------------------  -----  ---------  --------  ----------  --------------  -------------------
/opt/airflow/dags/airflow.py                           1           0  0.53s           2025-10-05T19:39:12
================================================================================
[2025-10-05T19:39:51.504+0000] {manager.py:878} INFO - 
================================================================================
DAG File Processing Stats

File Path                     PID    Runtime      # DAGs    # Errors  Last Runtime    Last Run
----------------------------  -----  ---------  --------  ----------  --------------  -------------------
/opt/airflow/dags/airflow.py                           1           0  0.46s           2025-10-05T19:39:43
================================================================================
[2025-10-05T19:40:22.288+0000] {manager.py:878} INFO - 
================================================================================
DAG File Processing Stats

File Path                     PID    Runtime      # DAGs    # Errors  Last Runtime    Last Run
----------------------------  -----  ---------  --------  ----------  --------------  -------------------
/opt/airflow/dags/airflow.py                           1           0  0.57s           2025-10-05T19:40:14
================================================================================
[2025-10-05T19:40:52.564+0000] {manager.py:878} INFO - 
================================================================================
DAG File Processing Stats

File Path                     PID    Runtime      # DAGs    # Errors  Last Runtime    Last Run
----------------------------  -----  ---------  --------  ----------  --------------  -------------------
/opt/airflow/dags/airflow.py                           1           0  0.52s           2025-10-05T19:40:44
================================================================================
[2025-10-05T19:41:22.779+0000] {manager.py:878} INFO - 
================================================================================
DAG File Processing Stats

File Path                     PID    Runtime      # DAGs    # Errors  Last Runtime    Last Run
----------------------------  -----  ---------  --------  ----------  --------------  -------------------
/opt/airflow/dags/airflow.py                           1           0  0.49s           2025-10-05T19:41:15
================================================================================
[2025-10-05T19:41:53.536+0000] {manager.py:878} INFO - 
================================================================================
DAG File Processing Stats

File Path                     PID    Runtime      # DAGs    # Errors  Last Runtime    Last Run
----------------------------  -----  ---------  --------  ----------  --------------  -------------------
/opt/airflow/dags/airflow.py                           1           0  0.53s           2025-10-05T19:41:46
================================================================================
[2025-10-05T19:42:23.802+0000] {manager.py:878} INFO - 
================================================================================
DAG File Processing Stats

File Path                     PID    Runtime      # DAGs    # Errors  Last Runtime    Last Run
----------------------------  -----  ---------  --------  ----------  --------------  -------------------
/opt/airflow/dags/airflow.py                           1           0  0.57s           2025-10-05T19:42:17
================================================================================
[2025-10-05T19:42:54.030+0000] {manager.py:878} INFO - 
================================================================================
DAG File Processing Stats

File Path                     PID    Runtime      # DAGs    # Errors  Last Runtime    Last Run
----------------------------  -----  ---------  --------  ----------  --------------  -------------------
/opt/airflow/dags/airflow.py                           1           0  0.58s           2025-10-05T19:42:48
================================================================================
[2025-10-05T19:43:24.379+0000] {manager.py:878} INFO - 
================================================================================
DAG File Processing Stats

File Path                     PID    Runtime      # DAGs    # Errors  Last Runtime    Last Run
----------------------------  -----  ---------  --------  ----------  --------------  -------------------
/opt/airflow/dags/airflow.py                           1           0  0.46s           2025-10-05T19:43:18
================================================================================
[2025-10-05T19:43:43.526+0000] {manager.py:737} INFO - Searching for files in /opt/airflow/dags
[2025-10-05T19:43:43.536+0000] {manager.py:740} INFO - There are 1 files in /opt/airflow/dags
[2025-10-05T19:43:54.440+0000] {manager.py:878} INFO - 
================================================================================
DAG File Processing Stats

File Path                     PID    Runtime      # DAGs    # Errors  Last Runtime    Last Run
----------------------------  -----  ---------  --------  ----------  --------------  -------------------
/opt/airflow/dags/airflow.py                           1           0  0.49s           2025-10-05T19:43:49
================================================================================
[2025-10-05T19:44:24.697+0000] {manager.py:878} INFO - 
================================================================================
DAG File Processing Stats

File Path                     PID    Runtime      # DAGs    # Errors  Last Runtime    Last Run
----------------------------  -----  ---------  --------  ----------  --------------  -------------------
/opt/airflow/dags/airflow.py                           1           0  0.51s           2025-10-05T19:44:20
================================================================================
[2025-10-05T19:44:54.897+0000] {manager.py:878} INFO - 
================================================================================
DAG File Processing Stats

File Path                     PID    Runtime      # DAGs    # Errors  Last Runtime    Last Run
----------------------------  -----  ---------  --------  ----------  --------------  -------------------
/opt/airflow/dags/airflow.py                           1           0  0.54s           2025-10-05T19:44:50
================================================================================
[2025-10-05T19:45:25.171+0000] {manager.py:878} INFO - 
================================================================================
DAG File Processing Stats

File Path                     PID    Runtime      # DAGs    # Errors  Last Runtime    Last Run
----------------------------  -----  ---------  --------  ----------  --------------  -------------------
/opt/airflow/dags/airflow.py                           1           0  0.45s           2025-10-05T19:45:21
================================================================================
[2025-10-05T19:45:55.344+0000] {manager.py:878} INFO - 
================================================================================
DAG File Processing Stats

File Path                     PID    Runtime      # DAGs    # Errors  Last Runtime    Last Run
----------------------------  -----  ---------  --------  ----------  --------------  -------------------
/opt/airflow/dags/airflow.py                           1           0  0.53s           2025-10-05T19:45:52
================================================================================
[2025-10-05T19:46:25.568+0000] {manager.py:878} INFO - 
================================================================================
DAG File Processing Stats

File Path                     PID    Runtime      # DAGs    # Errors  Last Runtime    Last Run
----------------------------  -----  ---------  --------  ----------  --------------  -------------------
/opt/airflow/dags/airflow.py                           1           0  0.45s           2025-10-05T19:46:22
================================================================================
[2025-10-05T19:46:55.691+0000] {manager.py:878} INFO - 
================================================================================
DAG File Processing Stats

File Path                     PID    Runtime      # DAGs    # Errors  Last Runtime    Last Run
----------------------------  -----  ---------  --------  ----------  --------------  -------------------
/opt/airflow/dags/airflow.py                           1           0  0.44s           2025-10-05T19:46:53
================================================================================
[2025-10-05T19:47:25.918+0000] {manager.py:878} INFO - 
================================================================================
DAG File Processing Stats

File Path                     PID    Runtime      # DAGs    # Errors  Last Runtime    Last Run
----------------------------  -----  ---------  --------  ----------  --------------  -------------------
/opt/airflow/dags/airflow.py                           1           0  0.43s           2025-10-05T19:47:24
================================================================================
[2025-10-05T19:47:55.985+0000] {manager.py:878} INFO - 
================================================================================
DAG File Processing Stats

File Path                     PID    Runtime      # DAGs    # Errors  Last Runtime    Last Run
----------------------------  -----  ---------  --------  ----------  --------------  -------------------
/opt/airflow/dags/airflow.py                           1           0  0.44s           2025-10-05T19:47:54
================================================================================
[2025-10-05T19:48:26.238+0000] {manager.py:878} INFO - 
================================================================================
DAG File Processing Stats

File Path                     PID    Runtime      # DAGs    # Errors  Last Runtime    Last Run
----------------------------  -----  ---------  --------  ----------  --------------  -------------------
/opt/airflow/dags/airflow.py                           1           0  0.42s           2025-10-05T19:48:25
================================================================================
[2025-10-05T19:48:43.772+0000] {manager.py:737} INFO - Searching for files in /opt/airflow/dags
[2025-10-05T19:48:43.785+0000] {manager.py:740} INFO - There are 1 files in /opt/airflow/dags
[2025-10-05T19:48:56.322+0000] {manager.py:878} INFO - 
================================================================================
DAG File Processing Stats

File Path                     PID    Runtime      # DAGs    # Errors  Last Runtime    Last Run
----------------------------  -----  ---------  --------  ----------  --------------  -------------------
/opt/airflow/dags/airflow.py                           1           0  0.44s           2025-10-05T19:48:56
================================================================================
[2025-10-05T19:49:26.589+0000] {manager.py:878} INFO - 
================================================================================
DAG File Processing Stats

File Path                       PID  Runtime      # DAGs    # Errors  Last Runtime    Last Run
----------------------------  -----  ---------  --------  ----------  --------------  -------------------
/opt/airflow/dags/airflow.py   1120  0.01s             1           0  0.44s           2025-10-05T19:48:56
================================================================================
[2025-10-05T19:49:56.834+0000] {manager.py:878} INFO - 
================================================================================
DAG File Processing Stats

File Path                     PID    Runtime      # DAGs    # Errors  Last Runtime    Last Run
----------------------------  -----  ---------  --------  ----------  --------------  -------------------
/opt/airflow/dags/airflow.py                           1           0  0.46s           2025-10-05T19:49:27
================================================================================
[2025-10-05T19:50:09.456+0000] {manager.py:452} INFO - Exiting gracefully upon receiving signal 15
[2025-10-05T20:14:23.359+0000] {manager.py:470} INFO - Processing files using up to 2 processes at a time 
[2025-10-05T20:14:23.359+0000] {manager.py:471} INFO - Process each file at most once every 30 seconds
[2025-10-05T20:14:23.360+0000] {manager.py:472} INFO - Checking for new files in /opt/airflow/dags every 300 seconds
[2025-10-05T20:14:23.360+0000] {manager.py:737} INFO - Searching for files in /opt/airflow/dags
[2025-10-05T20:14:23.368+0000] {manager.py:740} INFO - There are 1 files in /opt/airflow/dags
[2025-10-05T20:14:24.408+0000] {manager.py:878} INFO - 
================================================================================
DAG File Processing Stats

File Path                       PID  Runtime      # DAGs    # Errors  Last Runtime    Last Run
----------------------------  -----  ---------  --------  ----------  --------------  ----------
/opt/airflow/dags/airflow.py     70  1.01s             0           0
================================================================================
[2025-10-05T20:14:54.603+0000] {manager.py:878} INFO - 
================================================================================
DAG File Processing Stats

File Path                     PID    Runtime      # DAGs    # Errors  Last Runtime    Last Run
----------------------------  -----  ---------  --------  ----------  --------------  -------------------
/opt/airflow/dags/airflow.py                           1           0  1.57s           2025-10-05T20:14:24
================================================================================
[2025-10-05T20:15:24.809+0000] {manager.py:878} INFO - 
================================================================================
DAG File Processing Stats

File Path                     PID    Runtime      # DAGs    # Errors  Last Runtime    Last Run
----------------------------  -----  ---------  --------  ----------  --------------  -------------------
/opt/airflow/dags/airflow.py                           1           0  0.51s           2025-10-05T20:14:55
================================================================================
[2025-10-05T20:15:55.029+0000] {manager.py:878} INFO - 
================================================================================
DAG File Processing Stats

File Path                     PID    Runtime      # DAGs    # Errors  Last Runtime    Last Run
----------------------------  -----  ---------  --------  ----------  --------------  -------------------
/opt/airflow/dags/airflow.py                           1           0  0.48s           2025-10-05T20:15:26
================================================================================
[2025-10-05T20:16:25.244+0000] {manager.py:878} INFO - 
================================================================================
DAG File Processing Stats

File Path                     PID    Runtime      # DAGs    # Errors  Last Runtime    Last Run
----------------------------  -----  ---------  --------  ----------  --------------  -------------------
/opt/airflow/dags/airflow.py                           1           0  0.58s           2025-10-05T20:15:57
================================================================================
[2025-10-05T20:16:55.491+0000] {manager.py:878} INFO - 
================================================================================
DAG File Processing Stats

File Path                     PID    Runtime      # DAGs    # Errors  Last Runtime    Last Run
----------------------------  -----  ---------  --------  ----------  --------------  -------------------
/opt/airflow/dags/airflow.py                           1           0  0.49s           2025-10-05T20:16:27
================================================================================
[2025-10-05T20:17:25.740+0000] {manager.py:878} INFO - 
================================================================================
DAG File Processing Stats

File Path                     PID    Runtime      # DAGs    # Errors  Last Runtime    Last Run
----------------------------  -----  ---------  --------  ----------  --------------  -------------------
/opt/airflow/dags/airflow.py                           1           0  0.55s           2025-10-05T20:16:58
================================================================================
[2025-10-05T20:17:55.968+0000] {manager.py:878} INFO - 
================================================================================
DAG File Processing Stats

File Path                     PID    Runtime      # DAGs    # Errors  Last Runtime    Last Run
----------------------------  -----  ---------  --------  ----------  --------------  -------------------
/opt/airflow/dags/airflow.py                           1           0  0.51s           2025-10-05T20:17:29
================================================================================
[2025-10-05T20:18:26.136+0000] {manager.py:878} INFO - 
================================================================================
DAG File Processing Stats

File Path                     PID    Runtime      # DAGs    # Errors  Last Runtime    Last Run
----------------------------  -----  ---------  --------  ----------  --------------  -------------------
/opt/airflow/dags/airflow.py                           1           0  0.44s           2025-10-05T20:17:59
================================================================================
[2025-10-05T20:18:56.374+0000] {manager.py:878} INFO - 
================================================================================
DAG File Processing Stats

File Path                     PID    Runtime      # DAGs    # Errors  Last Runtime    Last Run
----------------------------  -----  ---------  --------  ----------  --------------  -------------------
/opt/airflow/dags/airflow.py                           1           0  0.55s           2025-10-05T20:18:30
================================================================================
[2025-10-05T20:19:23.613+0000] {manager.py:737} INFO - Searching for files in /opt/airflow/dags
[2025-10-05T20:19:23.626+0000] {manager.py:740} INFO - There are 1 files in /opt/airflow/dags
[2025-10-05T20:19:26.667+0000] {manager.py:878} INFO - 
================================================================================
DAG File Processing Stats

File Path                     PID    Runtime      # DAGs    # Errors  Last Runtime    Last Run
----------------------------  -----  ---------  --------  ----------  --------------  -------------------
/opt/airflow/dags/airflow.py                           1           0  0.47s           2025-10-05T20:19:01
================================================================================
[2025-10-05T20:19:56.914+0000] {manager.py:878} INFO - 
================================================================================
DAG File Processing Stats

File Path                     PID    Runtime      # DAGs    # Errors  Last Runtime    Last Run
----------------------------  -----  ---------  --------  ----------  --------------  -------------------
/opt/airflow/dags/airflow.py                           1           0  0.52s           2025-10-05T20:19:32
================================================================================
[2025-10-05T20:20:27.183+0000] {manager.py:878} INFO - 
================================================================================
DAG File Processing Stats

File Path                     PID    Runtime      # DAGs    # Errors  Last Runtime    Last Run
----------------------------  -----  ---------  --------  ----------  --------------  -------------------
/opt/airflow/dags/airflow.py                           1           0  0.59s           2025-10-05T20:20:03
================================================================================
[2025-10-05T20:20:45.064+0000] {manager.py:452} INFO - Exiting gracefully upon receiving signal 15
[2025-10-05T20:22:00.854+0000] {manager.py:470} INFO - Processing files using up to 2 processes at a time 
[2025-10-05T20:22:00.854+0000] {manager.py:471} INFO - Process each file at most once every 30 seconds
[2025-10-05T20:22:00.855+0000] {manager.py:472} INFO - Checking for new files in /opt/airflow/dags every 300 seconds
[2025-10-05T20:22:00.860+0000] {manager.py:737} INFO - Searching for files in /opt/airflow/dags
[2025-10-05T20:22:00.880+0000] {manager.py:740} INFO - There are 1 files in /opt/airflow/dags
[2025-10-05T20:22:00.921+0000] {manager.py:878} INFO - 
================================================================================
DAG File Processing Stats

File Path                       PID  Runtime      # DAGs    # Errors  Last Runtime    Last Run
----------------------------  -----  ---------  --------  ----------  --------------  ----------
/opt/airflow/dags/airflow.py     55  0.02s             0           0
================================================================================
[2025-10-05T20:22:31.030+0000] {manager.py:878} INFO - 
================================================================================
DAG File Processing Stats

File Path                     PID    Runtime      # DAGs    # Errors  Last Runtime    Last Run
----------------------------  -----  ---------  --------  ----------  --------------  -------------------
/opt/airflow/dags/airflow.py                           1           0  0.96s           2025-10-05T20:22:01
================================================================================
[2025-10-05T20:23:01.235+0000] {manager.py:878} INFO - 
================================================================================
DAG File Processing Stats

File Path                     PID    Runtime      # DAGs    # Errors  Last Runtime    Last Run
----------------------------  -----  ---------  --------  ----------  --------------  -------------------
/opt/airflow/dags/airflow.py                           1           0  0.50s           2025-10-05T20:22:32
================================================================================
[2025-10-05T20:23:31.408+0000] {manager.py:878} INFO - 
================================================================================
DAG File Processing Stats

File Path                     PID    Runtime      # DAGs    # Errors  Last Runtime    Last Run
----------------------------  -----  ---------  --------  ----------  --------------  -------------------
/opt/airflow/dags/airflow.py                           1           0  0.46s           2025-10-05T20:23:03
================================================================================
[2025-10-05T20:24:01.627+0000] {manager.py:878} INFO - 
================================================================================
DAG File Processing Stats

File Path                     PID    Runtime      # DAGs    # Errors  Last Runtime    Last Run
----------------------------  -----  ---------  --------  ----------  --------------  -------------------
/opt/airflow/dags/airflow.py                           1           0  0.46s           2025-10-05T20:23:33
================================================================================
[2025-10-05T20:24:21.741+0000] {manager.py:452} INFO - Exiting gracefully upon receiving signal 15
[2025-10-05T20:24:30.343+0000] {manager.py:470} INFO - Processing files using up to 2 processes at a time 
[2025-10-05T20:24:30.351+0000] {manager.py:471} INFO - Process each file at most once every 30 seconds
[2025-10-05T20:24:30.354+0000] {manager.py:472} INFO - Checking for new files in /opt/airflow/dags every 300 seconds
[2025-10-05T20:24:30.354+0000] {manager.py:737} INFO - Searching for files in /opt/airflow/dags
[2025-10-05T20:24:30.396+0000] {manager.py:740} INFO - There are 1 files in /opt/airflow/dags
[2025-10-05T20:24:30.442+0000] {manager.py:878} INFO - 
================================================================================
DAG File Processing Stats

File Path                       PID  Runtime      # DAGs    # Errors  Last Runtime    Last Run
----------------------------  -----  ---------  --------  ----------  --------------  ----------
/opt/airflow/dags/airflow.py     55  0.02s             0           0
================================================================================
[2025-10-05T20:25:00.631+0000] {manager.py:878} INFO - 
================================================================================
DAG File Processing Stats

File Path                     PID    Runtime      # DAGs    # Errors  Last Runtime    Last Run
----------------------------  -----  ---------  --------  ----------  --------------  -------------------
/opt/airflow/dags/airflow.py                           1           0  0.75s           2025-10-05T20:24:31
================================================================================
[2025-10-05T20:25:30.810+0000] {manager.py:878} INFO - 
================================================================================
DAG File Processing Stats

File Path                     PID    Runtime      # DAGs    # Errors  Last Runtime    Last Run
----------------------------  -----  ---------  --------  ----------  --------------  -------------------
/opt/airflow/dags/airflow.py                           1           0  0.58s           2025-10-05T20:25:01
================================================================================
[2025-10-05T20:26:00.873+0000] {manager.py:878} INFO - 
================================================================================
DAG File Processing Stats

File Path                     PID    Runtime      # DAGs    # Errors  Last Runtime    Last Run
----------------------------  -----  ---------  --------  ----------  --------------  -------------------
/opt/airflow/dags/airflow.py                           1           0  0.47s           2025-10-05T20:25:32
================================================================================
[2025-10-05T20:26:31.098+0000] {manager.py:878} INFO - 
================================================================================
DAG File Processing Stats

File Path                     PID    Runtime      # DAGs    # Errors  Last Runtime    Last Run
----------------------------  -----  ---------  --------  ----------  --------------  -------------------
/opt/airflow/dags/airflow.py                           1           0  0.49s           2025-10-05T20:26:03
================================================================================
[2025-10-05T20:27:01.337+0000] {manager.py:878} INFO - 
================================================================================
DAG File Processing Stats

File Path                     PID    Runtime      # DAGs    # Errors  Last Runtime    Last Run
----------------------------  -----  ---------  --------  ----------  --------------  -------------------
/opt/airflow/dags/airflow.py                           1           0  0.52s           2025-10-05T20:26:34
================================================================================
[2025-10-05T20:27:31.600+0000] {manager.py:878} INFO - 
================================================================================
DAG File Processing Stats

File Path                     PID    Runtime      # DAGs    # Errors  Last Runtime    Last Run
----------------------------  -----  ---------  --------  ----------  --------------  -------------------
/opt/airflow/dags/airflow.py                           1           0  0.49s           2025-10-05T20:27:04
================================================================================
[2025-10-06T08:45:27.808+0000] {manager.py:737} INFO - Searching for files in /opt/airflow/dags
[2025-10-06T08:45:27.865+0000] {manager.py:740} INFO - There are 1 files in /opt/airflow/dags
[2025-10-06T08:45:27.952+0000] {manager.py:878} INFO - 
================================================================================
DAG File Processing Stats

File Path                       PID  Runtime      # DAGs    # Errors  Last Runtime    Last Run
----------------------------  -----  ---------  --------  ----------  --------------  -------------------
/opt/airflow/dags/airflow.py    180  0.01s             1           0  0.74s           2025-10-05T20:27:35
================================================================================
[2025-10-06T08:45:29.872+0000] {manager.py:452} INFO - Exiting gracefully upon receiving signal 15
[2025-10-06T08:45:29.873+0000] {manager.py:452} INFO - Exiting gracefully upon receiving signal 15
[2025-10-06T08:45:30.072+0000] {manager.py:452} INFO - Exiting gracefully upon receiving signal 15
